{
  "RSpec": {
    "coverage": {
      "/home/sophie/makersacademy/clones/rob/bookmark-manager/spec/features/add_tag_spec.rb": [
        1,
        1,
        1,
        1,
        null,
        1,
        1,
        null,
        null,
        1,
        1,
        null,
        1,
        1,
        3,
        null,
        null,
        null,
        null
      ],
      "/home/sophie/makersacademy/clones/rob/bookmark-manager/spec/features/adds_a_bookmark_spec.rb": [
        1,
        1,
        1,
        1,
        1,
        1,
        null,
        1,
        null,
        1,
        1,
        null,
        null,
        null
      ],
      "/home/sophie/makersacademy/clones/rob/bookmark-manager/spec/features/filters_links_by_tag_spec.rb": [
        1,
        1,
        1,
        1,
        1,
        null,
        null,
        1,
        1,
        1,
        1,
        1,
        1,
        1,
        null,
        null,
        null
      ],
      "/home/sophie/makersacademy/clones/rob/bookmark-manager/spec/features/viewing_links_spec.rb": [
        1,
        1,
        1,
        1,
        null,
        1,
        1,
        null,
        null,
        null
      ]
    },
    "timestamp": 1493984706
  }
}
